10:13:34.972 [main] INFO  c.a.n.c.u.ParamUtil - [<clinit>,87] - [settings] [req-serv] nacos-server port:8848
10:13:34.972 [main] INFO  c.a.n.c.u.ParamUtil - [<clinit>,98] - [settings] [http-client] connect timeout:1000
10:13:34.974 [main] INFO  c.a.n.c.u.ParamUtil - [<clinit>,105] - PER_TASK_CONFIG_SIZE: 3000.0
10:13:35.013 [main] INFO  c.a.n.p.a.s.c.ClientAuthPluginManager - [init,56] - [ClientAuthPluginManager] Load ClientAuthService com.alibaba.nacos.client.auth.impl.NacosClientAuthServiceImpl success.
10:13:35.014 [main] INFO  c.a.n.p.a.s.c.ClientAuthPluginManager - [init,56] - [ClientAuthPluginManager] Load ClientAuthService com.alibaba.nacos.client.auth.ram.RamClientAuthServiceImpl success.
10:13:35.018 [main] INFO  c.a.n.c.a.r.i.CredentialWatcher - [loadCredential,165] - null No credential found
10:13:36.291 [main] INFO  c.a.n.c.c.i.LocalConfigInfoProcessor - [<clinit>,63] - LOCAL_SNAPSHOT_PATH:C:\Users\cbb123\nacos\config
10:13:36.295 [main] INFO  c.a.n.c.r.client - [lambda$createClient$0,108] - [RpcClientFactory] create a new rpc client of 736c0cfd-f80f-46b5-a92d-e65d91ed7666_config-0
10:13:36.309 [main] INFO  c.a.n.c.r.client - [printIfInfoEnabled,63] - [736c0cfd-f80f-46b5-a92d-e65d91ed7666_config-0] Register server push request handler:com.alibaba.nacos.client.config.impl.ClientWorker$ConfigRpcTransportClient$$Lambda$576/0x00000275cd312e60
10:13:36.310 [main] INFO  c.a.n.c.r.client - [printIfInfoEnabled,63] - [736c0cfd-f80f-46b5-a92d-e65d91ed7666_config-0] Register server push request handler:com.alibaba.nacos.client.config.impl.ClientWorker$ConfigRpcTransportClient$$Lambda$577/0x00000275cd313280
10:13:36.310 [main] INFO  c.a.n.c.r.client - [printIfInfoEnabled,63] - [736c0cfd-f80f-46b5-a92d-e65d91ed7666_config-0] Registry connection listener to current client:com.alibaba.nacos.client.config.impl.ClientWorker$ConfigRpcTransportClient$1
10:13:36.310 [main] INFO  c.a.n.c.r.client - [printIfInfoEnabled,63] - [736c0cfd-f80f-46b5-a92d-e65d91ed7666_config-0] RpcClient init, ServerListFactory = com.alibaba.nacos.client.config.impl.ClientWorker$ConfigRpcTransportClient$2
10:13:36.317 [main] INFO  c.a.n.c.r.client - [printIfInfoEnabled,63] - [736c0cfd-f80f-46b5-a92d-e65d91ed7666_config-0] Try to connect to server on start up, server: {serverIp = '47.96.80.253', server main port = 8848}
10:13:36.348 [main] INFO  c.a.n.c.r.c.g.GrpcClient - [createNewManagedChannel,182] - grpc client connection server:47.96.80.253 ip,serverPort:9848,grpcTslConfig:{"sslProvider":"OPENSSL","enableTls":false,"mutualAuthEnable":false,"trustAll":false}
10:13:37.588 [main] INFO  c.a.n.c.r.client - [printIfInfoEnabled,63] - [736c0cfd-f80f-46b5-a92d-e65d91ed7666_config-0] Success to connect to server [47.96.80.253:8848] on start up, connectionId = 1727662421850_116.29.6.243_2247
10:13:37.589 [com.alibaba.nacos.client.remote.worker] INFO  c.a.n.c.r.client - [printIfInfoEnabled,63] - [736c0cfd-f80f-46b5-a92d-e65d91ed7666_config-0] Notify connected event to listeners.
10:13:37.589 [main] INFO  c.a.n.c.r.client - [printIfInfoEnabled,63] - [736c0cfd-f80f-46b5-a92d-e65d91ed7666_config-0] Register server push request handler:com.alibaba.nacos.common.remote.client.RpcClient$ConnectResetRequestHandler
10:13:37.589 [com.alibaba.nacos.client.remote.worker] INFO  c.a.n.c.c.i.ClientWorker - [onConnected,639] - [736c0cfd-f80f-46b5-a92d-e65d91ed7666_config-0] Connected,notify listen context...
10:13:37.590 [main] INFO  c.a.n.c.r.client - [printIfInfoEnabled,63] - [736c0cfd-f80f-46b5-a92d-e65d91ed7666_config-0] Register server push request handler:com.alibaba.nacos.common.remote.client.RpcClient$$Lambda$597/0x00000275cd4a1ad0
10:13:37.623 [main] INFO  c.a.n.c.c.i.Limiter - [<clinit>,62] - limitTime:5.0
10:13:37.762 [main] INFO  o.s.c.b.c.PropertySourceBootstrapConfiguration - [initialize,108] - Located property source: [BootstrapPropertySource {name='bootstrapProperties-oj-system-local.yaml,DEFAULT_GROUP'}, BootstrapPropertySource {name='bootstrapProperties-oj-system.yaml,DEFAULT_GROUP'}, BootstrapPropertySource {name='bootstrapProperties-oj-system,DEFAULT_GROUP'}]
10:13:37.773 [main] INFO  c.c.s.OjSystemApplication - [logStartupProfileInfo,636] - The following 1 profile is active: "local"
10:13:38.433 [main] INFO  o.s.c.c.s.GenericScope - [setSerializationId,282] - BeanFactory id=b0b3e5e2-825b-330b-a2d5-9ae5d96fef9d
10:13:38.660 [main] INFO  o.s.b.w.e.t.TomcatWebServer - [initialize,108] - Tomcat initialized with port(s): 8080 (http)
10:13:38.667 [main] INFO  o.a.c.h.Http11NioProtocol - [log,173] - Initializing ProtocolHandler ["http-nio-8080"]
10:13:38.668 [main] INFO  o.a.c.c.StandardService - [log,173] - Starting service [Tomcat]
10:13:38.669 [main] INFO  o.a.c.c.StandardEngine - [log,173] - Starting Servlet engine: [Apache Tomcat/10.1.4]
10:13:38.731 [main] INFO  o.a.c.c.C.[.[.[/] - [log,173] - Initializing Spring embedded WebApplicationContext
10:13:38.731 [main] INFO  o.s.b.w.s.c.ServletWebServerApplicationContext - [prepareWebApplicationContext,291] - Root WebApplicationContext: initialization completed in 935 ms
10:13:38.799 [main] INFO  o.a.c.c.StandardService - [log,173] - Stopping service [Tomcat]
10:13:38.819 [main] INFO  o.s.b.a.l.ConditionEvaluationReportLogger - [logMessage,82] - 

Error starting ApplicationContext. To display the condition evaluation report re-run your application with 'debug' enabled.
10:18:19.768 [main] INFO  c.a.n.c.u.ParamUtil - [<clinit>,87] - [settings] [req-serv] nacos-server port:8848
10:18:19.768 [main] INFO  c.a.n.c.u.ParamUtil - [<clinit>,98] - [settings] [http-client] connect timeout:1000
10:18:19.769 [main] INFO  c.a.n.c.u.ParamUtil - [<clinit>,105] - PER_TASK_CONFIG_SIZE: 3000.0
10:18:19.790 [main] INFO  c.a.n.p.a.s.c.ClientAuthPluginManager - [init,56] - [ClientAuthPluginManager] Load ClientAuthService com.alibaba.nacos.client.auth.impl.NacosClientAuthServiceImpl success.
10:18:19.790 [main] INFO  c.a.n.p.a.s.c.ClientAuthPluginManager - [init,56] - [ClientAuthPluginManager] Load ClientAuthService com.alibaba.nacos.client.auth.ram.RamClientAuthServiceImpl success.
10:18:19.795 [main] INFO  c.a.n.c.a.r.i.CredentialWatcher - [loadCredential,165] - null No credential found
10:18:21.048 [main] INFO  c.a.n.c.c.i.LocalConfigInfoProcessor - [<clinit>,63] - LOCAL_SNAPSHOT_PATH:C:\Users\cbb123\nacos\config
10:18:21.050 [main] INFO  c.a.n.c.r.client - [lambda$createClient$0,108] - [RpcClientFactory] create a new rpc client of 44577179-2696-46e3-b618-89bddb1f70ff_config-0
10:18:21.061 [main] INFO  c.a.n.c.r.client - [printIfInfoEnabled,63] - [44577179-2696-46e3-b618-89bddb1f70ff_config-0] Register server push request handler:com.alibaba.nacos.client.config.impl.ClientWorker$ConfigRpcTransportClient$$Lambda$576/0x0000014783312e60
10:18:21.062 [main] INFO  c.a.n.c.r.client - [printIfInfoEnabled,63] - [44577179-2696-46e3-b618-89bddb1f70ff_config-0] Register server push request handler:com.alibaba.nacos.client.config.impl.ClientWorker$ConfigRpcTransportClient$$Lambda$577/0x0000014783313280
10:18:21.062 [main] INFO  c.a.n.c.r.client - [printIfInfoEnabled,63] - [44577179-2696-46e3-b618-89bddb1f70ff_config-0] Registry connection listener to current client:com.alibaba.nacos.client.config.impl.ClientWorker$ConfigRpcTransportClient$1
10:18:21.062 [main] INFO  c.a.n.c.r.client - [printIfInfoEnabled,63] - [44577179-2696-46e3-b618-89bddb1f70ff_config-0] RpcClient init, ServerListFactory = com.alibaba.nacos.client.config.impl.ClientWorker$ConfigRpcTransportClient$2
10:18:21.068 [main] INFO  c.a.n.c.r.client - [printIfInfoEnabled,63] - [44577179-2696-46e3-b618-89bddb1f70ff_config-0] Try to connect to server on start up, server: {serverIp = '47.96.80.253', server main port = 8848}
10:18:21.095 [main] INFO  c.a.n.c.r.c.g.GrpcClient - [createNewManagedChannel,182] - grpc client connection server:47.96.80.253 ip,serverPort:9848,grpcTslConfig:{"sslProvider":"OPENSSL","enableTls":false,"mutualAuthEnable":false,"trustAll":false}
10:18:21.891 [main] INFO  c.a.n.c.r.client - [printIfInfoEnabled,63] - [44577179-2696-46e3-b618-89bddb1f70ff_config-0] Success to connect to server [47.96.80.253:8848] on start up, connectionId = 1727662706474_116.29.6.243_2538
10:18:21.896 [com.alibaba.nacos.client.remote.worker] INFO  c.a.n.c.r.client - [printIfInfoEnabled,63] - [44577179-2696-46e3-b618-89bddb1f70ff_config-0] Notify connected event to listeners.
10:18:21.896 [main] INFO  c.a.n.c.r.client - [printIfInfoEnabled,63] - [44577179-2696-46e3-b618-89bddb1f70ff_config-0] Register server push request handler:com.alibaba.nacos.common.remote.client.RpcClient$ConnectResetRequestHandler
10:18:21.896 [com.alibaba.nacos.client.remote.worker] INFO  c.a.n.c.c.i.ClientWorker - [onConnected,639] - [44577179-2696-46e3-b618-89bddb1f70ff_config-0] Connected,notify listen context...
10:18:21.896 [main] INFO  c.a.n.c.r.client - [printIfInfoEnabled,63] - [44577179-2696-46e3-b618-89bddb1f70ff_config-0] Register server push request handler:com.alibaba.nacos.common.remote.client.RpcClient$$Lambda$597/0x00000147834a20d8
10:18:21.925 [main] INFO  c.a.n.c.c.i.Limiter - [<clinit>,62] - limitTime:5.0
10:18:22.035 [main] INFO  o.s.c.b.c.PropertySourceBootstrapConfiguration - [initialize,108] - Located property source: [BootstrapPropertySource {name='bootstrapProperties-oj-system-local.yaml,DEFAULT_GROUP'}, BootstrapPropertySource {name='bootstrapProperties-oj-system.yaml,DEFAULT_GROUP'}, BootstrapPropertySource {name='bootstrapProperties-oj-system,DEFAULT_GROUP'}]
10:18:22.040 [main] INFO  c.c.s.OjSystemApplication - [logStartupProfileInfo,636] - The following 1 profile is active: "local"
10:18:22.532 [main] INFO  o.s.c.c.s.GenericScope - [setSerializationId,282] - BeanFactory id=b0b3e5e2-825b-330b-a2d5-9ae5d96fef9d
10:18:22.728 [main] INFO  o.s.b.w.e.t.TomcatWebServer - [initialize,108] - Tomcat initialized with port(s): 8080 (http)
10:18:22.735 [main] INFO  o.a.c.h.Http11NioProtocol - [log,173] - Initializing ProtocolHandler ["http-nio-8080"]
10:18:22.736 [main] INFO  o.a.c.c.StandardService - [log,173] - Starting service [Tomcat]
10:18:22.736 [main] INFO  o.a.c.c.StandardEngine - [log,173] - Starting Servlet engine: [Apache Tomcat/10.1.4]
10:18:22.802 [main] INFO  o.a.c.c.C.[.[.[/] - [log,173] - Initializing Spring embedded WebApplicationContext
10:18:22.803 [main] INFO  o.s.b.w.s.c.ServletWebServerApplicationContext - [prepareWebApplicationContext,291] - Root WebApplicationContext: initialization completed in 749 ms
10:18:22.868 [main] INFO  o.a.c.c.StandardService - [log,173] - Stopping service [Tomcat]
10:18:22.881 [main] INFO  o.s.b.a.l.ConditionEvaluationReportLogger - [logMessage,82] - 

Error starting ApplicationContext. To display the condition evaluation report re-run your application with 'debug' enabled.
10:19:23.450 [main] INFO  c.a.n.c.u.ParamUtil - [<clinit>,87] - [settings] [req-serv] nacos-server port:8848
10:19:23.450 [main] INFO  c.a.n.c.u.ParamUtil - [<clinit>,98] - [settings] [http-client] connect timeout:1000
10:19:23.451 [main] INFO  c.a.n.c.u.ParamUtil - [<clinit>,105] - PER_TASK_CONFIG_SIZE: 3000.0
10:19:23.468 [main] INFO  c.a.n.p.a.s.c.ClientAuthPluginManager - [init,56] - [ClientAuthPluginManager] Load ClientAuthService com.alibaba.nacos.client.auth.impl.NacosClientAuthServiceImpl success.
10:19:23.469 [main] INFO  c.a.n.p.a.s.c.ClientAuthPluginManager - [init,56] - [ClientAuthPluginManager] Load ClientAuthService com.alibaba.nacos.client.auth.ram.RamClientAuthServiceImpl success.
10:19:23.475 [main] INFO  c.a.n.c.a.r.i.CredentialWatcher - [loadCredential,165] - null No credential found
10:19:24.674 [main] INFO  c.a.n.c.c.i.LocalConfigInfoProcessor - [<clinit>,63] - LOCAL_SNAPSHOT_PATH:C:\Users\cbb123\nacos\config
10:19:24.676 [main] INFO  c.a.n.c.r.client - [lambda$createClient$0,108] - [RpcClientFactory] create a new rpc client of 672d4a66-182e-46dd-8560-3a050ca83c34_config-0
10:19:24.688 [main] INFO  c.a.n.c.r.client - [printIfInfoEnabled,63] - [672d4a66-182e-46dd-8560-3a050ca83c34_config-0] Register server push request handler:com.alibaba.nacos.client.config.impl.ClientWorker$ConfigRpcTransportClient$$Lambda$576/0x000002635c312bd0
10:19:24.688 [main] INFO  c.a.n.c.r.client - [printIfInfoEnabled,63] - [672d4a66-182e-46dd-8560-3a050ca83c34_config-0] Register server push request handler:com.alibaba.nacos.client.config.impl.ClientWorker$ConfigRpcTransportClient$$Lambda$577/0x000002635c312ff0
10:19:24.690 [main] INFO  c.a.n.c.r.client - [printIfInfoEnabled,63] - [672d4a66-182e-46dd-8560-3a050ca83c34_config-0] Registry connection listener to current client:com.alibaba.nacos.client.config.impl.ClientWorker$ConfigRpcTransportClient$1
10:19:24.690 [main] INFO  c.a.n.c.r.client - [printIfInfoEnabled,63] - [672d4a66-182e-46dd-8560-3a050ca83c34_config-0] RpcClient init, ServerListFactory = com.alibaba.nacos.client.config.impl.ClientWorker$ConfigRpcTransportClient$2
10:19:24.695 [main] INFO  c.a.n.c.r.client - [printIfInfoEnabled,63] - [672d4a66-182e-46dd-8560-3a050ca83c34_config-0] Try to connect to server on start up, server: {serverIp = '47.96.80.253', server main port = 8848}
10:19:24.722 [main] INFO  c.a.n.c.r.c.g.GrpcClient - [createNewManagedChannel,182] - grpc client connection server:47.96.80.253 ip,serverPort:9848,grpcTslConfig:{"sslProvider":"OPENSSL","enableTls":false,"mutualAuthEnable":false,"trustAll":false}
10:19:25.494 [main] INFO  c.a.n.c.r.client - [printIfInfoEnabled,63] - [672d4a66-182e-46dd-8560-3a050ca83c34_config-0] Success to connect to server [47.96.80.253:8848] on start up, connectionId = 1727662770085_116.29.6.243_2578
10:19:25.494 [com.alibaba.nacos.client.remote.worker] INFO  c.a.n.c.r.client - [printIfInfoEnabled,63] - [672d4a66-182e-46dd-8560-3a050ca83c34_config-0] Notify connected event to listeners.
10:19:25.495 [com.alibaba.nacos.client.remote.worker] INFO  c.a.n.c.c.i.ClientWorker - [onConnected,639] - [672d4a66-182e-46dd-8560-3a050ca83c34_config-0] Connected,notify listen context...
10:19:25.495 [main] INFO  c.a.n.c.r.client - [printIfInfoEnabled,63] - [672d4a66-182e-46dd-8560-3a050ca83c34_config-0] Register server push request handler:com.alibaba.nacos.common.remote.client.RpcClient$ConnectResetRequestHandler
10:19:25.495 [main] INFO  c.a.n.c.r.client - [printIfInfoEnabled,63] - [672d4a66-182e-46dd-8560-3a050ca83c34_config-0] Register server push request handler:com.alibaba.nacos.common.remote.client.RpcClient$$Lambda$597/0x000002635c4a20d8
10:19:25.524 [main] INFO  c.a.n.c.c.i.Limiter - [<clinit>,62] - limitTime:5.0
10:19:25.645 [main] INFO  c.a.n.c.c.u.JvmUtil - [<clinit>,54] - isMultiInstance:false
10:19:25.652 [main] INFO  o.s.c.b.c.PropertySourceBootstrapConfiguration - [initialize,108] - Located property source: [BootstrapPropertySource {name='bootstrapProperties-oj-system-local.yaml,DEFAULT_GROUP'}, BootstrapPropertySource {name='bootstrapProperties-oj-system.yaml,DEFAULT_GROUP'}, BootstrapPropertySource {name='bootstrapProperties-oj-system,DEFAULT_GROUP'}]
10:19:25.656 [main] INFO  c.c.s.OjSystemApplication - [logStartupProfileInfo,636] - The following 1 profile is active: "local"
10:19:26.143 [main] INFO  o.s.c.c.s.GenericScope - [setSerializationId,282] - BeanFactory id=b0b3e5e2-825b-330b-a2d5-9ae5d96fef9d
10:19:26.338 [main] INFO  o.s.b.w.e.t.TomcatWebServer - [initialize,108] - Tomcat initialized with port(s): 9201 (http)
10:19:26.347 [main] INFO  o.a.c.h.Http11NioProtocol - [log,173] - Initializing ProtocolHandler ["http-nio-9201"]
10:19:26.348 [main] INFO  o.a.c.c.StandardService - [log,173] - Starting service [Tomcat]
10:19:26.348 [main] INFO  o.a.c.c.StandardEngine - [log,173] - Starting Servlet engine: [Apache Tomcat/10.1.4]
10:19:26.409 [main] INFO  o.a.c.c.C.[.[.[/] - [log,173] - Initializing Spring embedded WebApplicationContext
10:19:26.410 [main] INFO  o.s.b.w.s.c.ServletWebServerApplicationContext - [prepareWebApplicationContext,291] - Root WebApplicationContext: initialization completed in 745 ms
10:19:28.097 [main] INFO  o.s.c.c.u.InetUtils - [convertAddress,170] - Cannot determine local hostname
10:19:29.464 [main] INFO  o.s.c.c.u.InetUtils - [convertAddress,170] - Cannot determine local hostname
10:19:29.510 [main] INFO  o.a.c.h.Http11NioProtocol - [log,173] - Starting ProtocolHandler ["http-nio-9201"]
10:19:29.533 [main] INFO  o.s.b.w.e.t.TomcatWebServer - [start,220] - Tomcat started on port(s): 9201 (http) with context path ''
10:19:29.536 [main] INFO  c.a.n.client.naming - [initNamespaceForNaming,62] - initializer namespace from ans.namespace attribute : null
10:19:29.536 [main] INFO  c.a.n.client.naming - [lambda$initNamespaceForNaming$0,66] - initializer namespace from ALIBABA_ALIWARE_NAMESPACE attribute :null
10:19:29.536 [main] INFO  c.a.n.client.naming - [lambda$initNamespaceForNaming$1,73] - initializer namespace from namespace attribute :null
10:19:29.542 [main] INFO  c.a.n.p.a.s.c.ClientAuthPluginManager - [init,56] - [ClientAuthPluginManager] Load ClientAuthService com.alibaba.nacos.client.auth.impl.NacosClientAuthServiceImpl success.
10:19:29.542 [main] INFO  c.a.n.p.a.s.c.ClientAuthPluginManager - [init,56] - [ClientAuthPluginManager] Load ClientAuthService com.alibaba.nacos.client.auth.ram.RamClientAuthServiceImpl success.
10:19:29.546 [main] INFO  c.a.n.c.r.client - [lambda$createClient$0,108] - [RpcClientFactory] create a new rpc client of d6cddee9-d1e8-48fa-9156-bfa9411e7500
10:19:29.547 [main] INFO  c.a.n.c.r.client - [printIfInfoEnabled,63] - [d6cddee9-d1e8-48fa-9156-bfa9411e7500] RpcClient init, ServerListFactory = com.alibaba.nacos.client.naming.core.ServerListManager
10:19:29.547 [main] INFO  c.a.n.c.r.client - [printIfInfoEnabled,63] - [d6cddee9-d1e8-48fa-9156-bfa9411e7500] Registry connection listener to current client:com.alibaba.nacos.client.naming.remote.gprc.redo.NamingGrpcRedoService
10:19:29.548 [main] INFO  c.a.n.c.r.client - [printIfInfoEnabled,63] - [d6cddee9-d1e8-48fa-9156-bfa9411e7500] Register server push request handler:com.alibaba.nacos.client.naming.remote.gprc.NamingPushRequestHandler
10:19:29.548 [main] INFO  c.a.n.c.r.client - [printIfInfoEnabled,63] - [d6cddee9-d1e8-48fa-9156-bfa9411e7500] Try to connect to server on start up, server: {serverIp = '47.96.80.253', server main port = 8848}
10:19:29.548 [main] INFO  c.a.n.c.r.c.g.GrpcClient - [createNewManagedChannel,182] - grpc client connection server:47.96.80.253 ip,serverPort:9848,grpcTslConfig:{"sslProvider":"OPENSSL","enableTls":false,"mutualAuthEnable":false,"trustAll":false}
10:19:29.757 [main] INFO  c.a.n.c.r.client - [printIfInfoEnabled,63] - [d6cddee9-d1e8-48fa-9156-bfa9411e7500] Success to connect to server [47.96.80.253:8848] on start up, connectionId = 1727662774397_116.29.6.243_2581
10:19:29.757 [main] INFO  c.a.n.c.r.client - [printIfInfoEnabled,63] - [d6cddee9-d1e8-48fa-9156-bfa9411e7500] Register server push request handler:com.alibaba.nacos.common.remote.client.RpcClient$ConnectResetRequestHandler
10:19:29.757 [main] INFO  c.a.n.c.r.client - [printIfInfoEnabled,63] - [d6cddee9-d1e8-48fa-9156-bfa9411e7500] Register server push request handler:com.alibaba.nacos.common.remote.client.RpcClient$$Lambda$597/0x000002635c4a20d8
10:19:29.757 [com.alibaba.nacos.client.remote.worker] INFO  c.a.n.c.r.client - [printIfInfoEnabled,63] - [d6cddee9-d1e8-48fa-9156-bfa9411e7500] Notify connected event to listeners.
10:19:29.757 [com.alibaba.nacos.client.remote.worker] INFO  c.a.n.client.naming - [onConnected,78] - Grpc connection connect
10:19:29.759 [main] INFO  c.a.n.client.naming - [registerService,121] - [REGISTER-SERVICE] 9c7e41b2-77fc-4973-b88f-36f36c02ca91 registering service oj-system with instance Instance{instanceId='null', ip='192.168.204.1', port=9201, weight=1.0, healthy=true, enabled=true, ephemeral=true, clusterName='DEFAULT', serviceName='null', metadata={IPv6=null, preserved.register.source=SPRING_CLOUD}}
10:19:29.826 [main] INFO  c.a.c.n.r.NacosServiceRegistry - [register,76] - nacos registry, DEFAULT_GROUP oj-system 192.168.204.1:9201 register finished
10:19:30.962 [main] INFO  o.s.c.c.u.InetUtils - [convertAddress,170] - Cannot determine local hostname
10:19:30.971 [main] INFO  c.c.s.OjSystemApplication - [logStarted,57] - Started OjSystemApplication in 9.169 seconds (process running for 9.695)
10:19:30.975 [main] INFO  c.a.n.c.c.i.CacheData - [<clinit>,67] - nacos.cache.data.init.snapshot = true 
10:19:30.985 [main] INFO  c.a.n.c.c.i.ClientWorker - [addCacheDataIfAbsent,380] - [fixed-9c7e41b2-77fc-4973-b88f-36f36c02ca91-47.96.80.253_8848] [subscribe] oj-system-local.yaml+DEFAULT_GROUP+9c7e41b2-77fc-4973-b88f-36f36c02ca91
10:19:30.991 [main] INFO  c.a.n.c.c.i.CacheData - [addListener,197] - [fixed-9c7e41b2-77fc-4973-b88f-36f36c02ca91-47.96.80.253_8848] [add-listener] ok, tenant=9c7e41b2-77fc-4973-b88f-36f36c02ca91, dataId=oj-system-local.yaml, group=DEFAULT_GROUP, cnt=1
10:19:30.991 [main] INFO  c.a.c.n.r.NacosContextRefresher - [registerNacosListener,129] - [Nacos Config] Listening config: dataId=oj-system-local.yaml, group=DEFAULT_GROUP
10:19:30.992 [main] INFO  c.a.n.c.c.i.ClientWorker - [addCacheDataIfAbsent,380] - [fixed-9c7e41b2-77fc-4973-b88f-36f36c02ca91-47.96.80.253_8848] [subscribe] oj-system+DEFAULT_GROUP+9c7e41b2-77fc-4973-b88f-36f36c02ca91
10:19:30.992 [main] INFO  c.a.n.c.c.i.CacheData - [addListener,197] - [fixed-9c7e41b2-77fc-4973-b88f-36f36c02ca91-47.96.80.253_8848] [add-listener] ok, tenant=9c7e41b2-77fc-4973-b88f-36f36c02ca91, dataId=oj-system, group=DEFAULT_GROUP, cnt=1
10:19:30.993 [main] INFO  c.a.c.n.r.NacosContextRefresher - [registerNacosListener,129] - [Nacos Config] Listening config: dataId=oj-system, group=DEFAULT_GROUP
10:19:30.994 [main] INFO  c.a.n.c.c.i.ClientWorker - [addCacheDataIfAbsent,380] - [fixed-9c7e41b2-77fc-4973-b88f-36f36c02ca91-47.96.80.253_8848] [subscribe] oj-system.yaml+DEFAULT_GROUP+9c7e41b2-77fc-4973-b88f-36f36c02ca91
10:19:30.994 [main] INFO  c.a.n.c.c.i.CacheData - [addListener,197] - [fixed-9c7e41b2-77fc-4973-b88f-36f36c02ca91-47.96.80.253_8848] [add-listener] ok, tenant=9c7e41b2-77fc-4973-b88f-36f36c02ca91, dataId=oj-system.yaml, group=DEFAULT_GROUP, cnt=1
10:19:30.995 [main] INFO  c.a.c.n.r.NacosContextRefresher - [registerNacosListener,129] - [Nacos Config] Listening config: dataId=oj-system.yaml, group=DEFAULT_GROUP
11:25:22.819 [SpringApplicationShutdownHook] INFO  c.a.c.n.r.NacosServiceRegistry - [deregister,95] - De-registering from Nacos Server now...
11:25:22.820 [SpringApplicationShutdownHook] INFO  c.a.n.client.naming - [deregisterService,217] - [DEREGISTER-SERVICE] 9c7e41b2-77fc-4973-b88f-36f36c02ca91 deregistering service oj-system with instance: Instance{instanceId='null', ip='192.168.204.1', port=9201, weight=1.0, healthy=true, enabled=true, ephemeral=true, clusterName='DEFAULT', serviceName='null', metadata={}}
11:25:23.030 [SpringApplicationShutdownHook] INFO  c.a.c.n.r.NacosServiceRegistry - [deregister,115] - De-registration finished.
11:25:23.030 [SpringApplicationShutdownHook] INFO  c.a.n.client.naming - [shutdown,256] - com.alibaba.nacos.client.naming.cache.ServiceInfoHolder do shutdown begin
11:25:23.031 [SpringApplicationShutdownHook] INFO  c.a.n.client.naming - [shutdown,136] - com.alibaba.nacos.client.naming.backups.FailoverReactor do shutdown begin
11:25:23.031 [SpringApplicationShutdownHook] INFO  c.a.n.client.naming - [shutdown,138] - com.alibaba.nacos.client.naming.backups.FailoverReactor do shutdown stop
11:25:23.031 [SpringApplicationShutdownHook] INFO  c.a.n.client.naming - [shutdown,258] - com.alibaba.nacos.client.naming.cache.ServiceInfoHolder do shutdown stop
11:25:23.031 [SpringApplicationShutdownHook] INFO  c.a.n.client.naming - [shutdown,204] - com.alibaba.nacos.client.naming.remote.NamingClientProxyDelegate do shutdown begin
11:25:23.031 [SpringApplicationShutdownHook] INFO  c.a.n.client.naming - [shutdown,143] - com.alibaba.nacos.client.naming.core.ServiceInfoUpdateService do shutdown begin
11:25:23.032 [SpringApplicationShutdownHook] INFO  c.a.n.client.naming - [shutdown,145] - com.alibaba.nacos.client.naming.core.ServiceInfoUpdateService do shutdown stop
11:25:23.032 [SpringApplicationShutdownHook] INFO  c.a.n.client.naming - [shutdown,194] - com.alibaba.nacos.client.naming.core.ServerListManager do shutdown begin
11:25:23.033 [SpringApplicationShutdownHook] INFO  c.a.n.client.naming - [shutdown,199] - com.alibaba.nacos.client.naming.core.ServerListManager do shutdown stop
11:25:23.033 [SpringApplicationShutdownHook] INFO  c.a.n.client.naming - [shutdown,484] - com.alibaba.nacos.client.naming.remote.http.NamingHttpClientProxy do shutdown begin
11:25:23.037 [SpringApplicationShutdownHook] INFO  c.a.n.client.naming - [shutdown,486] - com.alibaba.nacos.client.naming.remote.http.NamingHttpClientProxy do shutdown stop
11:25:23.037 [SpringApplicationShutdownHook] INFO  c.a.n.c.r.client - [shutdown,429] - Shutdown rpc client, set status to shutdown
11:25:23.037 [SpringApplicationShutdownHook] INFO  c.a.n.c.r.client - [shutdown,431] - Shutdown client event executor java.util.concurrent.ScheduledThreadPoolExecutor@2cf736f6[Running, pool size = 2, active threads = 2, queued tasks = 0, completed tasks = 0]
11:25:23.037 [SpringApplicationShutdownHook] INFO  c.a.n.c.r.client - [closeConnection,584] - Close current connection 1727662774397_116.29.6.243_2581
11:25:23.044 [SpringApplicationShutdownHook] INFO  c.a.n.c.r.c.g.GrpcClient - [shutdown,159] - Shutdown grpc executor java.util.concurrent.ThreadPoolExecutor@4f5082f4[Running, pool size = 4, active threads = 0, queued tasks = 0, completed tasks = 803]
11:25:23.044 [SpringApplicationShutdownHook] INFO  c.a.n.client.naming - [shutdown,318] - Shutdown grpc redo service executor java.util.concurrent.ScheduledThreadPoolExecutor@7e1cdc6f[Running, pool size = 1, active threads = 0, queued tasks = 1, completed tasks = 1314]
11:25:23.044 [SpringApplicationShutdownHook] INFO  c.a.n.c.a.r.i.CredentialWatcher - [stop,106] - [null] CredentialWatcher is stopped
11:25:23.045 [SpringApplicationShutdownHook] INFO  c.a.n.c.a.r.i.CredentialService - [free,100] - [null] CredentialService is freed
11:25:23.045 [SpringApplicationShutdownHook] INFO  c.a.n.client.naming - [shutdown,211] - com.alibaba.nacos.client.naming.remote.NamingClientProxyDelegate do shutdown stop
11:45:14.491 [main] INFO  c.a.n.c.u.ParamUtil - [<clinit>,87] - [settings] [req-serv] nacos-server port:8848
11:45:14.492 [main] INFO  c.a.n.c.u.ParamUtil - [<clinit>,98] - [settings] [http-client] connect timeout:1000
11:45:14.492 [main] INFO  c.a.n.c.u.ParamUtil - [<clinit>,105] - PER_TASK_CONFIG_SIZE: 3000.0
11:45:14.520 [main] INFO  c.a.n.p.a.s.c.ClientAuthPluginManager - [init,56] - [ClientAuthPluginManager] Load ClientAuthService com.alibaba.nacos.client.auth.impl.NacosClientAuthServiceImpl success.
11:45:14.520 [main] INFO  c.a.n.p.a.s.c.ClientAuthPluginManager - [init,56] - [ClientAuthPluginManager] Load ClientAuthService com.alibaba.nacos.client.auth.ram.RamClientAuthServiceImpl success.
11:45:14.527 [main] INFO  c.a.n.c.a.r.i.CredentialWatcher - [loadCredential,165] - null No credential found
11:45:15.762 [main] INFO  c.a.n.c.c.i.LocalConfigInfoProcessor - [<clinit>,63] - LOCAL_SNAPSHOT_PATH:C:\Users\cbb123\nacos\config
11:45:15.768 [main] INFO  c.a.n.c.r.client - [lambda$createClient$0,108] - [RpcClientFactory] create a new rpc client of 6f06e2a9-a23a-4978-8159-00dface78cca_config-0
11:45:15.791 [main] INFO  c.a.n.c.r.client - [printIfInfoEnabled,63] - [6f06e2a9-a23a-4978-8159-00dface78cca_config-0] Register server push request handler:com.alibaba.nacos.client.config.impl.ClientWorker$ConfigRpcTransportClient$$Lambda$576/0x0000027c31313b58
11:45:15.792 [main] INFO  c.a.n.c.r.client - [printIfInfoEnabled,63] - [6f06e2a9-a23a-4978-8159-00dface78cca_config-0] Register server push request handler:com.alibaba.nacos.client.config.impl.ClientWorker$ConfigRpcTransportClient$$Lambda$577/0x0000027c31313f78
11:45:15.792 [main] INFO  c.a.n.c.r.client - [printIfInfoEnabled,63] - [6f06e2a9-a23a-4978-8159-00dface78cca_config-0] Registry connection listener to current client:com.alibaba.nacos.client.config.impl.ClientWorker$ConfigRpcTransportClient$1
11:45:15.793 [main] INFO  c.a.n.c.r.client - [printIfInfoEnabled,63] - [6f06e2a9-a23a-4978-8159-00dface78cca_config-0] RpcClient init, ServerListFactory = com.alibaba.nacos.client.config.impl.ClientWorker$ConfigRpcTransportClient$2
11:45:15.805 [main] INFO  c.a.n.c.r.client - [printIfInfoEnabled,63] - [6f06e2a9-a23a-4978-8159-00dface78cca_config-0] Try to connect to server on start up, server: {serverIp = '47.96.80.253', server main port = 8848}
11:45:15.857 [main] INFO  c.a.n.c.r.c.g.GrpcClient - [createNewManagedChannel,182] - grpc client connection server:47.96.80.253 ip,serverPort:9848,grpcTslConfig:{"sslProvider":"OPENSSL","enableTls":false,"mutualAuthEnable":false,"trustAll":false}
11:45:16.835 [main] INFO  c.a.n.c.r.client - [printIfInfoEnabled,63] - [6f06e2a9-a23a-4978-8159-00dface78cca_config-0] Success to connect to server [47.96.80.253:8848] on start up, connectionId = 1727667921455_116.29.6.243_1772
11:45:16.836 [com.alibaba.nacos.client.remote.worker] INFO  c.a.n.c.r.client - [printIfInfoEnabled,63] - [6f06e2a9-a23a-4978-8159-00dface78cca_config-0] Notify connected event to listeners.
11:45:16.836 [com.alibaba.nacos.client.remote.worker] INFO  c.a.n.c.c.i.ClientWorker - [onConnected,639] - [6f06e2a9-a23a-4978-8159-00dface78cca_config-0] Connected,notify listen context...
11:45:16.836 [main] INFO  c.a.n.c.r.client - [printIfInfoEnabled,63] - [6f06e2a9-a23a-4978-8159-00dface78cca_config-0] Register server push request handler:com.alibaba.nacos.common.remote.client.RpcClient$ConnectResetRequestHandler
11:45:16.836 [main] INFO  c.a.n.c.r.client - [printIfInfoEnabled,63] - [6f06e2a9-a23a-4978-8159-00dface78cca_config-0] Register server push request handler:com.alibaba.nacos.common.remote.client.RpcClient$$Lambda$597/0x0000027c3149eee8
11:45:16.875 [main] INFO  c.a.n.c.c.i.Limiter - [<clinit>,62] - limitTime:5.0
11:45:16.986 [main] INFO  c.a.n.c.c.u.JvmUtil - [<clinit>,54] - isMultiInstance:false
11:45:16.991 [main] INFO  o.s.c.b.c.PropertySourceBootstrapConfiguration - [initialize,108] - Located property source: [BootstrapPropertySource {name='bootstrapProperties-oj-system-local.yaml,DEFAULT_GROUP'}, BootstrapPropertySource {name='bootstrapProperties-oj-system.yaml,DEFAULT_GROUP'}, BootstrapPropertySource {name='bootstrapProperties-oj-system,DEFAULT_GROUP'}]
11:45:16.997 [main] INFO  c.c.s.OjSystemApplication - [logStartupProfileInfo,636] - The following 1 profile is active: "local"
11:45:17.607 [main] INFO  o.s.c.c.s.GenericScope - [setSerializationId,282] - BeanFactory id=b0b3e5e2-825b-330b-a2d5-9ae5d96fef9d
11:45:17.840 [main] INFO  o.s.b.w.e.t.TomcatWebServer - [initialize,108] - Tomcat initialized with port(s): 9201 (http)
11:45:17.849 [main] INFO  o.a.c.h.Http11NioProtocol - [log,173] - Initializing ProtocolHandler ["http-nio-9201"]
11:45:17.850 [main] INFO  o.a.c.c.StandardService - [log,173] - Starting service [Tomcat]
11:45:17.851 [main] INFO  o.a.c.c.StandardEngine - [log,173] - Starting Servlet engine: [Apache Tomcat/10.1.4]
11:45:17.912 [main] INFO  o.a.c.c.C.[.[.[/] - [log,173] - Initializing Spring embedded WebApplicationContext
11:45:17.912 [main] INFO  o.s.b.w.s.c.ServletWebServerApplicationContext - [prepareWebApplicationContext,291] - Root WebApplicationContext: initialization completed in 901 ms
11:45:19.588 [main] INFO  o.s.c.c.u.InetUtils - [convertAddress,170] - Cannot determine local hostname
11:45:20.975 [main] INFO  o.s.c.c.u.InetUtils - [convertAddress,170] - Cannot determine local hostname
11:45:21.015 [main] INFO  o.a.c.h.Http11NioProtocol - [log,173] - Starting ProtocolHandler ["http-nio-9201"]
11:45:21.034 [main] INFO  o.s.b.w.e.t.TomcatWebServer - [start,220] - Tomcat started on port(s): 9201 (http) with context path ''
11:45:21.038 [main] INFO  c.a.n.client.naming - [initNamespaceForNaming,62] - initializer namespace from ans.namespace attribute : null
11:45:21.038 [main] INFO  c.a.n.client.naming - [lambda$initNamespaceForNaming$0,66] - initializer namespace from ALIBABA_ALIWARE_NAMESPACE attribute :null
11:45:21.038 [main] INFO  c.a.n.client.naming - [lambda$initNamespaceForNaming$1,73] - initializer namespace from namespace attribute :null
11:45:21.045 [main] INFO  c.a.n.p.a.s.c.ClientAuthPluginManager - [init,56] - [ClientAuthPluginManager] Load ClientAuthService com.alibaba.nacos.client.auth.impl.NacosClientAuthServiceImpl success.
11:45:21.045 [main] INFO  c.a.n.p.a.s.c.ClientAuthPluginManager - [init,56] - [ClientAuthPluginManager] Load ClientAuthService com.alibaba.nacos.client.auth.ram.RamClientAuthServiceImpl success.
11:45:21.049 [main] INFO  c.a.n.c.r.client - [lambda$createClient$0,108] - [RpcClientFactory] create a new rpc client of b5ef76a7-404a-4cab-a06a-8b338921b5ac
11:45:21.050 [main] INFO  c.a.n.c.r.client - [printIfInfoEnabled,63] - [b5ef76a7-404a-4cab-a06a-8b338921b5ac] RpcClient init, ServerListFactory = com.alibaba.nacos.client.naming.core.ServerListManager
11:45:21.052 [main] INFO  c.a.n.c.r.client - [printIfInfoEnabled,63] - [b5ef76a7-404a-4cab-a06a-8b338921b5ac] Registry connection listener to current client:com.alibaba.nacos.client.naming.remote.gprc.redo.NamingGrpcRedoService
11:45:21.052 [main] INFO  c.a.n.c.r.client - [printIfInfoEnabled,63] - [b5ef76a7-404a-4cab-a06a-8b338921b5ac] Register server push request handler:com.alibaba.nacos.client.naming.remote.gprc.NamingPushRequestHandler
11:45:21.052 [main] INFO  c.a.n.c.r.client - [printIfInfoEnabled,63] - [b5ef76a7-404a-4cab-a06a-8b338921b5ac] Try to connect to server on start up, server: {serverIp = '47.96.80.253', server main port = 8848}
11:45:21.052 [main] INFO  c.a.n.c.r.c.g.GrpcClient - [createNewManagedChannel,182] - grpc client connection server:47.96.80.253 ip,serverPort:9848,grpcTslConfig:{"sslProvider":"OPENSSL","enableTls":false,"mutualAuthEnable":false,"trustAll":false}
11:45:21.251 [main] INFO  c.a.n.c.r.client - [printIfInfoEnabled,63] - [b5ef76a7-404a-4cab-a06a-8b338921b5ac] Success to connect to server [47.96.80.253:8848] on start up, connectionId = 1727667925933_116.29.6.243_1781
11:45:21.251 [main] INFO  c.a.n.c.r.client - [printIfInfoEnabled,63] - [b5ef76a7-404a-4cab-a06a-8b338921b5ac] Register server push request handler:com.alibaba.nacos.common.remote.client.RpcClient$ConnectResetRequestHandler
11:45:21.252 [main] INFO  c.a.n.c.r.client - [printIfInfoEnabled,63] - [b5ef76a7-404a-4cab-a06a-8b338921b5ac] Register server push request handler:com.alibaba.nacos.common.remote.client.RpcClient$$Lambda$597/0x0000027c3149eee8
11:45:21.252 [com.alibaba.nacos.client.remote.worker] INFO  c.a.n.c.r.client - [printIfInfoEnabled,63] - [b5ef76a7-404a-4cab-a06a-8b338921b5ac] Notify connected event to listeners.
11:45:21.252 [com.alibaba.nacos.client.remote.worker] INFO  c.a.n.client.naming - [onConnected,78] - Grpc connection connect
11:45:21.253 [main] INFO  c.a.n.client.naming - [registerService,121] - [REGISTER-SERVICE] 9c7e41b2-77fc-4973-b88f-36f36c02ca91 registering service oj-system with instance Instance{instanceId='null', ip='192.168.204.1', port=9201, weight=1.0, healthy=true, enabled=true, ephemeral=true, clusterName='DEFAULT', serviceName='null', metadata={IPv6=null, preserved.register.source=SPRING_CLOUD}}
11:45:21.292 [main] INFO  c.a.c.n.r.NacosServiceRegistry - [register,76] - nacos registry, DEFAULT_GROUP oj-system 192.168.204.1:9201 register finished
11:45:22.430 [main] INFO  o.s.c.c.u.InetUtils - [convertAddress,170] - Cannot determine local hostname
11:45:22.438 [main] INFO  c.c.s.OjSystemApplication - [logStarted,57] - Started OjSystemApplication in 9.706 seconds (process running for 10.423)
11:45:22.441 [main] INFO  c.a.n.c.c.i.CacheData - [<clinit>,67] - nacos.cache.data.init.snapshot = true 
11:45:22.450 [main] INFO  c.a.n.c.c.i.ClientWorker - [addCacheDataIfAbsent,380] - [fixed-9c7e41b2-77fc-4973-b88f-36f36c02ca91-47.96.80.253_8848] [subscribe] oj-system-local.yaml+DEFAULT_GROUP+9c7e41b2-77fc-4973-b88f-36f36c02ca91
11:45:22.456 [main] INFO  c.a.n.c.c.i.CacheData - [addListener,197] - [fixed-9c7e41b2-77fc-4973-b88f-36f36c02ca91-47.96.80.253_8848] [add-listener] ok, tenant=9c7e41b2-77fc-4973-b88f-36f36c02ca91, dataId=oj-system-local.yaml, group=DEFAULT_GROUP, cnt=1
11:45:22.456 [main] INFO  c.a.c.n.r.NacosContextRefresher - [registerNacosListener,129] - [Nacos Config] Listening config: dataId=oj-system-local.yaml, group=DEFAULT_GROUP
11:45:22.457 [main] INFO  c.a.n.c.c.i.ClientWorker - [addCacheDataIfAbsent,380] - [fixed-9c7e41b2-77fc-4973-b88f-36f36c02ca91-47.96.80.253_8848] [subscribe] oj-system+DEFAULT_GROUP+9c7e41b2-77fc-4973-b88f-36f36c02ca91
11:45:22.457 [main] INFO  c.a.n.c.c.i.CacheData - [addListener,197] - [fixed-9c7e41b2-77fc-4973-b88f-36f36c02ca91-47.96.80.253_8848] [add-listener] ok, tenant=9c7e41b2-77fc-4973-b88f-36f36c02ca91, dataId=oj-system, group=DEFAULT_GROUP, cnt=1
11:45:22.457 [main] INFO  c.a.c.n.r.NacosContextRefresher - [registerNacosListener,129] - [Nacos Config] Listening config: dataId=oj-system, group=DEFAULT_GROUP
11:45:22.457 [main] INFO  c.a.n.c.c.i.ClientWorker - [addCacheDataIfAbsent,380] - [fixed-9c7e41b2-77fc-4973-b88f-36f36c02ca91-47.96.80.253_8848] [subscribe] oj-system.yaml+DEFAULT_GROUP+9c7e41b2-77fc-4973-b88f-36f36c02ca91
11:45:22.457 [main] INFO  c.a.n.c.c.i.CacheData - [addListener,197] - [fixed-9c7e41b2-77fc-4973-b88f-36f36c02ca91-47.96.80.253_8848] [add-listener] ok, tenant=9c7e41b2-77fc-4973-b88f-36f36c02ca91, dataId=oj-system.yaml, group=DEFAULT_GROUP, cnt=1
11:45:22.457 [main] INFO  c.a.c.n.r.NacosContextRefresher - [registerNacosListener,129] - [Nacos Config] Listening config: dataId=oj-system.yaml, group=DEFAULT_GROUP
11:58:25.974 [http-nio-9201-exec-1] INFO  o.a.c.c.C.[.[.[/] - [log,173] - Initializing Spring DispatcherServlet 'dispatcherServlet'
11:58:25.975 [http-nio-9201-exec-1] INFO  o.s.w.s.DispatcherServlet - [initServletBean,532] - Initializing Servlet 'dispatcherServlet'
11:58:25.977 [http-nio-9201-exec-1] INFO  o.s.w.s.DispatcherServlet - [initServletBean,554] - Completed initialization in 2 ms
12:01:48.285 [SpringApplicationShutdownHook] INFO  c.a.c.n.r.NacosServiceRegistry - [deregister,95] - De-registering from Nacos Server now...
12:01:48.285 [SpringApplicationShutdownHook] INFO  c.a.n.client.naming - [deregisterService,217] - [DEREGISTER-SERVICE] 9c7e41b2-77fc-4973-b88f-36f36c02ca91 deregistering service oj-system with instance: Instance{instanceId='null', ip='192.168.204.1', port=9201, weight=1.0, healthy=true, enabled=true, ephemeral=true, clusterName='DEFAULT', serviceName='null', metadata={}}
12:01:48.314 [SpringApplicationShutdownHook] INFO  c.a.c.n.r.NacosServiceRegistry - [deregister,115] - De-registration finished.
12:01:48.315 [SpringApplicationShutdownHook] INFO  c.a.n.client.naming - [shutdown,256] - com.alibaba.nacos.client.naming.cache.ServiceInfoHolder do shutdown begin
12:01:48.315 [SpringApplicationShutdownHook] INFO  c.a.n.client.naming - [shutdown,136] - com.alibaba.nacos.client.naming.backups.FailoverReactor do shutdown begin
12:01:48.315 [SpringApplicationShutdownHook] INFO  c.a.n.client.naming - [shutdown,138] - com.alibaba.nacos.client.naming.backups.FailoverReactor do shutdown stop
12:01:48.315 [SpringApplicationShutdownHook] INFO  c.a.n.client.naming - [shutdown,258] - com.alibaba.nacos.client.naming.cache.ServiceInfoHolder do shutdown stop
12:01:48.315 [SpringApplicationShutdownHook] INFO  c.a.n.client.naming - [shutdown,204] - com.alibaba.nacos.client.naming.remote.NamingClientProxyDelegate do shutdown begin
12:01:48.315 [SpringApplicationShutdownHook] INFO  c.a.n.client.naming - [shutdown,143] - com.alibaba.nacos.client.naming.core.ServiceInfoUpdateService do shutdown begin
12:01:48.315 [SpringApplicationShutdownHook] INFO  c.a.n.client.naming - [shutdown,145] - com.alibaba.nacos.client.naming.core.ServiceInfoUpdateService do shutdown stop
12:01:48.316 [SpringApplicationShutdownHook] INFO  c.a.n.client.naming - [shutdown,194] - com.alibaba.nacos.client.naming.core.ServerListManager do shutdown begin
12:01:48.316 [SpringApplicationShutdownHook] INFO  c.a.n.client.naming - [shutdown,199] - com.alibaba.nacos.client.naming.core.ServerListManager do shutdown stop
12:01:48.316 [SpringApplicationShutdownHook] INFO  c.a.n.client.naming - [shutdown,484] - com.alibaba.nacos.client.naming.remote.http.NamingHttpClientProxy do shutdown begin
12:01:48.316 [SpringApplicationShutdownHook] INFO  c.a.n.client.naming - [shutdown,486] - com.alibaba.nacos.client.naming.remote.http.NamingHttpClientProxy do shutdown stop
12:01:48.316 [SpringApplicationShutdownHook] INFO  c.a.n.c.r.client - [shutdown,429] - Shutdown rpc client, set status to shutdown
12:01:48.316 [SpringApplicationShutdownHook] INFO  c.a.n.c.r.client - [shutdown,431] - Shutdown client event executor java.util.concurrent.ScheduledThreadPoolExecutor@1476a7a6[Running, pool size = 2, active threads = 2, queued tasks = 0, completed tasks = 0]
12:01:48.317 [SpringApplicationShutdownHook] INFO  c.a.n.c.r.client - [closeConnection,584] - Close current connection 1727667925933_116.29.6.243_1781
12:01:48.320 [SpringApplicationShutdownHook] INFO  c.a.n.c.r.c.g.GrpcClient - [shutdown,159] - Shutdown grpc executor java.util.concurrent.ThreadPoolExecutor@4432d176[Running, pool size = 4, active threads = 0, queued tasks = 0, completed tasks = 214]
12:01:48.320 [SpringApplicationShutdownHook] INFO  c.a.n.client.naming - [shutdown,318] - Shutdown grpc redo service executor java.util.concurrent.ScheduledThreadPoolExecutor@1548d067[Running, pool size = 1, active threads = 0, queued tasks = 1, completed tasks = 328]
12:01:48.320 [SpringApplicationShutdownHook] INFO  c.a.n.c.a.r.i.CredentialWatcher - [stop,106] - [null] CredentialWatcher is stopped
12:01:48.321 [SpringApplicationShutdownHook] INFO  c.a.n.c.a.r.i.CredentialService - [free,100] - [null] CredentialService is freed
12:01:48.321 [SpringApplicationShutdownHook] INFO  c.a.n.client.naming - [shutdown,211] - com.alibaba.nacos.client.naming.remote.NamingClientProxyDelegate do shutdown stop
12:02:33.099 [main] INFO  c.a.n.c.u.ParamUtil - [<clinit>,87] - [settings] [req-serv] nacos-server port:8848
12:02:33.100 [main] INFO  c.a.n.c.u.ParamUtil - [<clinit>,98] - [settings] [http-client] connect timeout:1000
12:02:33.100 [main] INFO  c.a.n.c.u.ParamUtil - [<clinit>,105] - PER_TASK_CONFIG_SIZE: 3000.0
12:02:33.119 [main] INFO  c.a.n.p.a.s.c.ClientAuthPluginManager - [init,56] - [ClientAuthPluginManager] Load ClientAuthService com.alibaba.nacos.client.auth.impl.NacosClientAuthServiceImpl success.
12:02:33.120 [main] INFO  c.a.n.p.a.s.c.ClientAuthPluginManager - [init,56] - [ClientAuthPluginManager] Load ClientAuthService com.alibaba.nacos.client.auth.ram.RamClientAuthServiceImpl success.
12:02:33.126 [main] INFO  c.a.n.c.a.r.i.CredentialWatcher - [loadCredential,165] - null No credential found
12:02:34.350 [main] INFO  c.a.n.c.c.i.LocalConfigInfoProcessor - [<clinit>,63] - LOCAL_SNAPSHOT_PATH:C:\Users\cbb123\nacos\config
12:02:34.353 [main] INFO  c.a.n.c.r.client - [lambda$createClient$0,108] - [RpcClientFactory] create a new rpc client of a4f601a3-6121-4c85-8b75-c899e18b856c_config-0
12:02:34.364 [main] INFO  c.a.n.c.r.client - [printIfInfoEnabled,63] - [a4f601a3-6121-4c85-8b75-c899e18b856c_config-0] Register server push request handler:com.alibaba.nacos.client.config.impl.ClientWorker$ConfigRpcTransportClient$$Lambda$576/0x0000021881312918
12:02:34.365 [main] INFO  c.a.n.c.r.client - [printIfInfoEnabled,63] - [a4f601a3-6121-4c85-8b75-c899e18b856c_config-0] Register server push request handler:com.alibaba.nacos.client.config.impl.ClientWorker$ConfigRpcTransportClient$$Lambda$577/0x0000021881312d38
12:02:34.365 [main] INFO  c.a.n.c.r.client - [printIfInfoEnabled,63] - [a4f601a3-6121-4c85-8b75-c899e18b856c_config-0] Registry connection listener to current client:com.alibaba.nacos.client.config.impl.ClientWorker$ConfigRpcTransportClient$1
12:02:34.366 [main] INFO  c.a.n.c.r.client - [printIfInfoEnabled,63] - [a4f601a3-6121-4c85-8b75-c899e18b856c_config-0] RpcClient init, ServerListFactory = com.alibaba.nacos.client.config.impl.ClientWorker$ConfigRpcTransportClient$2
12:02:34.371 [main] INFO  c.a.n.c.r.client - [printIfInfoEnabled,63] - [a4f601a3-6121-4c85-8b75-c899e18b856c_config-0] Try to connect to server on start up, server: {serverIp = '47.96.80.253', server main port = 8848}
12:02:34.397 [main] INFO  c.a.n.c.r.c.g.GrpcClient - [createNewManagedChannel,182] - grpc client connection server:47.96.80.253 ip,serverPort:9848,grpcTslConfig:{"sslProvider":"OPENSSL","enableTls":false,"mutualAuthEnable":false,"trustAll":false}
12:02:35.180 [main] INFO  c.a.n.c.r.client - [printIfInfoEnabled,63] - [a4f601a3-6121-4c85-8b75-c899e18b856c_config-0] Success to connect to server [47.96.80.253:8848] on start up, connectionId = 1727668959808_116.29.6.243_2910
12:02:35.181 [com.alibaba.nacos.client.remote.worker] INFO  c.a.n.c.r.client - [printIfInfoEnabled,63] - [a4f601a3-6121-4c85-8b75-c899e18b856c_config-0] Notify connected event to listeners.
12:02:35.181 [com.alibaba.nacos.client.remote.worker] INFO  c.a.n.c.c.i.ClientWorker - [onConnected,639] - [a4f601a3-6121-4c85-8b75-c899e18b856c_config-0] Connected,notify listen context...
12:02:35.181 [main] INFO  c.a.n.c.r.client - [printIfInfoEnabled,63] - [a4f601a3-6121-4c85-8b75-c899e18b856c_config-0] Register server push request handler:com.alibaba.nacos.common.remote.client.RpcClient$ConnectResetRequestHandler
12:02:35.182 [main] INFO  c.a.n.c.r.client - [printIfInfoEnabled,63] - [a4f601a3-6121-4c85-8b75-c899e18b856c_config-0] Register server push request handler:com.alibaba.nacos.common.remote.client.RpcClient$$Lambda$597/0x00000218814a24e0
12:02:35.211 [main] INFO  c.a.n.c.c.i.Limiter - [<clinit>,62] - limitTime:5.0
12:02:35.315 [main] INFO  c.a.n.c.c.u.JvmUtil - [<clinit>,54] - isMultiInstance:false
12:02:35.319 [main] INFO  o.s.c.b.c.PropertySourceBootstrapConfiguration - [initialize,108] - Located property source: [BootstrapPropertySource {name='bootstrapProperties-oj-system-local.yaml,DEFAULT_GROUP'}, BootstrapPropertySource {name='bootstrapProperties-oj-system.yaml,DEFAULT_GROUP'}, BootstrapPropertySource {name='bootstrapProperties-oj-system,DEFAULT_GROUP'}]
12:02:35.324 [main] INFO  c.c.s.OjSystemApplication - [logStartupProfileInfo,636] - The following 1 profile is active: "local"
12:02:35.841 [main] INFO  o.s.c.c.s.GenericScope - [setSerializationId,282] - BeanFactory id=b0b3e5e2-825b-330b-a2d5-9ae5d96fef9d
12:02:36.055 [main] INFO  o.s.b.w.e.t.TomcatWebServer - [initialize,108] - Tomcat initialized with port(s): 9201 (http)
12:02:36.063 [main] INFO  o.a.c.h.Http11NioProtocol - [log,173] - Initializing ProtocolHandler ["http-nio-9201"]
12:02:36.064 [main] INFO  o.a.c.c.StandardService - [log,173] - Starting service [Tomcat]
12:02:36.064 [main] INFO  o.a.c.c.StandardEngine - [log,173] - Starting Servlet engine: [Apache Tomcat/10.1.4]
12:02:36.122 [main] INFO  o.a.c.c.C.[.[.[/] - [log,173] - Initializing Spring embedded WebApplicationContext
12:02:36.123 [main] INFO  o.s.b.w.s.c.ServletWebServerApplicationContext - [prepareWebApplicationContext,291] - Root WebApplicationContext: initialization completed in 785 ms
12:02:37.737 [main] INFO  o.s.c.c.u.InetUtils - [convertAddress,170] - Cannot determine local hostname
12:02:39.153 [main] INFO  o.s.c.c.u.InetUtils - [convertAddress,170] - Cannot determine local hostname
12:02:39.194 [main] INFO  o.a.c.h.Http11NioProtocol - [log,173] - Starting ProtocolHandler ["http-nio-9201"]
12:02:39.203 [main] INFO  o.s.b.w.e.t.TomcatWebServer - [start,220] - Tomcat started on port(s): 9201 (http) with context path ''
12:02:39.206 [main] INFO  c.a.n.client.naming - [initNamespaceForNaming,62] - initializer namespace from ans.namespace attribute : null
12:02:39.207 [main] INFO  c.a.n.client.naming - [lambda$initNamespaceForNaming$0,66] - initializer namespace from ALIBABA_ALIWARE_NAMESPACE attribute :null
12:02:39.208 [main] INFO  c.a.n.client.naming - [lambda$initNamespaceForNaming$1,73] - initializer namespace from namespace attribute :null
12:02:39.214 [main] INFO  c.a.n.p.a.s.c.ClientAuthPluginManager - [init,56] - [ClientAuthPluginManager] Load ClientAuthService com.alibaba.nacos.client.auth.impl.NacosClientAuthServiceImpl success.
12:02:39.215 [main] INFO  c.a.n.p.a.s.c.ClientAuthPluginManager - [init,56] - [ClientAuthPluginManager] Load ClientAuthService com.alibaba.nacos.client.auth.ram.RamClientAuthServiceImpl success.
12:02:39.217 [main] INFO  c.a.n.c.r.client - [lambda$createClient$0,108] - [RpcClientFactory] create a new rpc client of c74724f4-27a3-47b5-be1a-6e18e5ff75a4
12:02:39.219 [main] INFO  c.a.n.c.r.client - [printIfInfoEnabled,63] - [c74724f4-27a3-47b5-be1a-6e18e5ff75a4] RpcClient init, ServerListFactory = com.alibaba.nacos.client.naming.core.ServerListManager
12:02:39.219 [main] INFO  c.a.n.c.r.client - [printIfInfoEnabled,63] - [c74724f4-27a3-47b5-be1a-6e18e5ff75a4] Registry connection listener to current client:com.alibaba.nacos.client.naming.remote.gprc.redo.NamingGrpcRedoService
12:02:39.219 [main] INFO  c.a.n.c.r.client - [printIfInfoEnabled,63] - [c74724f4-27a3-47b5-be1a-6e18e5ff75a4] Register server push request handler:com.alibaba.nacos.client.naming.remote.gprc.NamingPushRequestHandler
12:02:39.220 [main] INFO  c.a.n.c.r.client - [printIfInfoEnabled,63] - [c74724f4-27a3-47b5-be1a-6e18e5ff75a4] Try to connect to server on start up, server: {serverIp = '47.96.80.253', server main port = 8848}
12:02:39.220 [main] INFO  c.a.n.c.r.c.g.GrpcClient - [createNewManagedChannel,182] - grpc client connection server:47.96.80.253 ip,serverPort:9848,grpcTslConfig:{"sslProvider":"OPENSSL","enableTls":false,"mutualAuthEnable":false,"trustAll":false}
12:02:39.449 [main] INFO  c.a.n.c.r.client - [printIfInfoEnabled,63] - [c74724f4-27a3-47b5-be1a-6e18e5ff75a4] Success to connect to server [47.96.80.253:8848] on start up, connectionId = 1727668964121_116.29.6.243_2946
12:02:39.449 [main] INFO  c.a.n.c.r.client - [printIfInfoEnabled,63] - [c74724f4-27a3-47b5-be1a-6e18e5ff75a4] Register server push request handler:com.alibaba.nacos.common.remote.client.RpcClient$ConnectResetRequestHandler
12:02:39.449 [main] INFO  c.a.n.c.r.client - [printIfInfoEnabled,63] - [c74724f4-27a3-47b5-be1a-6e18e5ff75a4] Register server push request handler:com.alibaba.nacos.common.remote.client.RpcClient$$Lambda$597/0x00000218814a24e0
12:02:39.449 [com.alibaba.nacos.client.remote.worker] INFO  c.a.n.c.r.client - [printIfInfoEnabled,63] - [c74724f4-27a3-47b5-be1a-6e18e5ff75a4] Notify connected event to listeners.
12:02:39.449 [com.alibaba.nacos.client.remote.worker] INFO  c.a.n.client.naming - [onConnected,78] - Grpc connection connect
12:02:39.450 [main] INFO  c.a.n.client.naming - [registerService,121] - [REGISTER-SERVICE] 9c7e41b2-77fc-4973-b88f-36f36c02ca91 registering service oj-system with instance Instance{instanceId='null', ip='192.168.204.1', port=9201, weight=1.0, healthy=true, enabled=true, ephemeral=true, clusterName='DEFAULT', serviceName='null', metadata={IPv6=null, preserved.register.source=SPRING_CLOUD}}
12:02:39.495 [main] INFO  c.a.c.n.r.NacosServiceRegistry - [register,76] - nacos registry, DEFAULT_GROUP oj-system 192.168.204.1:9201 register finished
12:02:40.646 [main] INFO  o.s.c.c.u.InetUtils - [convertAddress,170] - Cannot determine local hostname
12:02:40.654 [main] INFO  c.c.s.OjSystemApplication - [logStarted,57] - Started OjSystemApplication in 9.21 seconds (process running for 9.723)
12:02:40.657 [main] INFO  c.a.n.c.c.i.CacheData - [<clinit>,67] - nacos.cache.data.init.snapshot = true 
12:02:40.667 [main] INFO  c.a.n.c.c.i.ClientWorker - [addCacheDataIfAbsent,380] - [fixed-9c7e41b2-77fc-4973-b88f-36f36c02ca91-47.96.80.253_8848] [subscribe] oj-system-local.yaml+DEFAULT_GROUP+9c7e41b2-77fc-4973-b88f-36f36c02ca91
12:02:40.672 [main] INFO  c.a.n.c.c.i.CacheData - [addListener,197] - [fixed-9c7e41b2-77fc-4973-b88f-36f36c02ca91-47.96.80.253_8848] [add-listener] ok, tenant=9c7e41b2-77fc-4973-b88f-36f36c02ca91, dataId=oj-system-local.yaml, group=DEFAULT_GROUP, cnt=1
12:02:40.673 [main] INFO  c.a.c.n.r.NacosContextRefresher - [registerNacosListener,129] - [Nacos Config] Listening config: dataId=oj-system-local.yaml, group=DEFAULT_GROUP
12:02:40.673 [main] INFO  c.a.n.c.c.i.ClientWorker - [addCacheDataIfAbsent,380] - [fixed-9c7e41b2-77fc-4973-b88f-36f36c02ca91-47.96.80.253_8848] [subscribe] oj-system+DEFAULT_GROUP+9c7e41b2-77fc-4973-b88f-36f36c02ca91
12:02:40.673 [main] INFO  c.a.n.c.c.i.CacheData - [addListener,197] - [fixed-9c7e41b2-77fc-4973-b88f-36f36c02ca91-47.96.80.253_8848] [add-listener] ok, tenant=9c7e41b2-77fc-4973-b88f-36f36c02ca91, dataId=oj-system, group=DEFAULT_GROUP, cnt=1
12:02:40.674 [main] INFO  c.a.c.n.r.NacosContextRefresher - [registerNacosListener,129] - [Nacos Config] Listening config: dataId=oj-system, group=DEFAULT_GROUP
12:02:40.674 [main] INFO  c.a.n.c.c.i.ClientWorker - [addCacheDataIfAbsent,380] - [fixed-9c7e41b2-77fc-4973-b88f-36f36c02ca91-47.96.80.253_8848] [subscribe] oj-system.yaml+DEFAULT_GROUP+9c7e41b2-77fc-4973-b88f-36f36c02ca91
12:02:40.674 [main] INFO  c.a.n.c.c.i.CacheData - [addListener,197] - [fixed-9c7e41b2-77fc-4973-b88f-36f36c02ca91-47.96.80.253_8848] [add-listener] ok, tenant=9c7e41b2-77fc-4973-b88f-36f36c02ca91, dataId=oj-system.yaml, group=DEFAULT_GROUP, cnt=1
12:02:40.674 [main] INFO  c.a.c.n.r.NacosContextRefresher - [registerNacosListener,129] - [Nacos Config] Listening config: dataId=oj-system.yaml, group=DEFAULT_GROUP
12:03:00.365 [http-nio-9201-exec-1] INFO  o.a.c.c.C.[.[.[/] - [log,173] - Initializing Spring DispatcherServlet 'dispatcherServlet'
12:03:00.365 [http-nio-9201-exec-1] INFO  o.s.w.s.DispatcherServlet - [initServletBean,532] - Initializing Servlet 'dispatcherServlet'
12:03:00.366 [http-nio-9201-exec-1] INFO  o.s.w.s.DispatcherServlet - [initServletBean,554] - Completed initialization in 0 ms
12:03:10.292 [SpringApplicationShutdownHook] INFO  c.a.c.n.r.NacosServiceRegistry - [deregister,95] - De-registering from Nacos Server now...
12:03:10.293 [SpringApplicationShutdownHook] INFO  c.a.n.client.naming - [deregisterService,217] - [DEREGISTER-SERVICE] 9c7e41b2-77fc-4973-b88f-36f36c02ca91 deregistering service oj-system with instance: Instance{instanceId='null', ip='192.168.204.1', port=9201, weight=1.0, healthy=true, enabled=true, ephemeral=true, clusterName='DEFAULT', serviceName='null', metadata={}}
12:03:10.339 [SpringApplicationShutdownHook] INFO  c.a.c.n.r.NacosServiceRegistry - [deregister,115] - De-registration finished.
12:03:10.340 [SpringApplicationShutdownHook] INFO  c.a.n.client.naming - [shutdown,256] - com.alibaba.nacos.client.naming.cache.ServiceInfoHolder do shutdown begin
12:03:10.340 [SpringApplicationShutdownHook] INFO  c.a.n.client.naming - [shutdown,136] - com.alibaba.nacos.client.naming.backups.FailoverReactor do shutdown begin
12:03:10.340 [SpringApplicationShutdownHook] INFO  c.a.n.client.naming - [shutdown,138] - com.alibaba.nacos.client.naming.backups.FailoverReactor do shutdown stop
12:03:10.340 [SpringApplicationShutdownHook] INFO  c.a.n.client.naming - [shutdown,258] - com.alibaba.nacos.client.naming.cache.ServiceInfoHolder do shutdown stop
12:03:10.341 [SpringApplicationShutdownHook] INFO  c.a.n.client.naming - [shutdown,204] - com.alibaba.nacos.client.naming.remote.NamingClientProxyDelegate do shutdown begin
12:03:10.341 [SpringApplicationShutdownHook] INFO  c.a.n.client.naming - [shutdown,143] - com.alibaba.nacos.client.naming.core.ServiceInfoUpdateService do shutdown begin
12:03:10.341 [SpringApplicationShutdownHook] INFO  c.a.n.client.naming - [shutdown,145] - com.alibaba.nacos.client.naming.core.ServiceInfoUpdateService do shutdown stop
12:03:10.341 [SpringApplicationShutdownHook] INFO  c.a.n.client.naming - [shutdown,194] - com.alibaba.nacos.client.naming.core.ServerListManager do shutdown begin
12:03:10.341 [SpringApplicationShutdownHook] INFO  c.a.n.client.naming - [shutdown,199] - com.alibaba.nacos.client.naming.core.ServerListManager do shutdown stop
12:03:10.342 [SpringApplicationShutdownHook] INFO  c.a.n.client.naming - [shutdown,484] - com.alibaba.nacos.client.naming.remote.http.NamingHttpClientProxy do shutdown begin
12:03:10.342 [SpringApplicationShutdownHook] INFO  c.a.n.client.naming - [shutdown,486] - com.alibaba.nacos.client.naming.remote.http.NamingHttpClientProxy do shutdown stop
12:03:10.342 [SpringApplicationShutdownHook] INFO  c.a.n.c.r.client - [shutdown,429] - Shutdown rpc client, set status to shutdown
12:03:10.342 [SpringApplicationShutdownHook] INFO  c.a.n.c.r.client - [shutdown,431] - Shutdown client event executor java.util.concurrent.ScheduledThreadPoolExecutor@4a166258[Running, pool size = 2, active threads = 2, queued tasks = 0, completed tasks = 0]
12:03:10.342 [SpringApplicationShutdownHook] INFO  c.a.n.c.r.client - [closeConnection,584] - Close current connection 1727668964121_116.29.6.243_2946
12:03:10.348 [SpringApplicationShutdownHook] INFO  c.a.n.c.r.c.g.GrpcClient - [shutdown,159] - Shutdown grpc executor java.util.concurrent.ThreadPoolExecutor@27366d6c[Running, pool size = 5, active threads = 0, queued tasks = 0, completed tasks = 16]
12:03:10.351 [SpringApplicationShutdownHook] INFO  c.a.n.client.naming - [shutdown,318] - Shutdown grpc redo service executor java.util.concurrent.ScheduledThreadPoolExecutor@59af302[Running, pool size = 1, active threads = 0, queued tasks = 1, completed tasks = 10]
12:03:10.352 [SpringApplicationShutdownHook] INFO  c.a.n.c.a.r.i.CredentialWatcher - [stop,106] - [null] CredentialWatcher is stopped
12:03:10.353 [SpringApplicationShutdownHook] INFO  c.a.n.c.a.r.i.CredentialService - [free,100] - [null] CredentialService is freed
12:03:10.353 [SpringApplicationShutdownHook] INFO  c.a.n.client.naming - [shutdown,211] - com.alibaba.nacos.client.naming.remote.NamingClientProxyDelegate do shutdown stop
12:11:25.939 [main] INFO  c.a.n.c.u.ParamUtil - [<clinit>,87] - [settings] [req-serv] nacos-server port:8848
12:11:25.940 [main] INFO  c.a.n.c.u.ParamUtil - [<clinit>,98] - [settings] [http-client] connect timeout:1000
12:11:25.940 [main] INFO  c.a.n.c.u.ParamUtil - [<clinit>,105] - PER_TASK_CONFIG_SIZE: 3000.0
12:11:25.967 [main] INFO  c.a.n.p.a.s.c.ClientAuthPluginManager - [init,56] - [ClientAuthPluginManager] Load ClientAuthService com.alibaba.nacos.client.auth.impl.NacosClientAuthServiceImpl success.
12:11:25.967 [main] INFO  c.a.n.p.a.s.c.ClientAuthPluginManager - [init,56] - [ClientAuthPluginManager] Load ClientAuthService com.alibaba.nacos.client.auth.ram.RamClientAuthServiceImpl success.
12:11:25.970 [main] INFO  c.a.n.c.a.r.i.CredentialWatcher - [loadCredential,165] - null No credential found
12:11:27.148 [main] INFO  c.a.n.c.c.i.LocalConfigInfoProcessor - [<clinit>,63] - LOCAL_SNAPSHOT_PATH:C:\Users\cbb123\nacos\config
12:11:27.152 [main] INFO  c.a.n.c.r.client - [lambda$createClient$0,108] - [RpcClientFactory] create a new rpc client of 7e8299f7-cf48-41f7-aee9-f94c9db40d23_config-0
12:11:27.161 [main] INFO  c.a.n.c.r.client - [printIfInfoEnabled,63] - [7e8299f7-cf48-41f7-aee9-f94c9db40d23_config-0] Register server push request handler:com.alibaba.nacos.client.config.impl.ClientWorker$ConfigRpcTransportClient$$Lambda$576/0x000002c156314068
12:11:27.161 [main] INFO  c.a.n.c.r.client - [printIfInfoEnabled,63] - [7e8299f7-cf48-41f7-aee9-f94c9db40d23_config-0] Register server push request handler:com.alibaba.nacos.client.config.impl.ClientWorker$ConfigRpcTransportClient$$Lambda$577/0x000002c156314488
12:11:27.161 [main] INFO  c.a.n.c.r.client - [printIfInfoEnabled,63] - [7e8299f7-cf48-41f7-aee9-f94c9db40d23_config-0] Registry connection listener to current client:com.alibaba.nacos.client.config.impl.ClientWorker$ConfigRpcTransportClient$1
12:11:27.161 [main] INFO  c.a.n.c.r.client - [printIfInfoEnabled,63] - [7e8299f7-cf48-41f7-aee9-f94c9db40d23_config-0] RpcClient init, ServerListFactory = com.alibaba.nacos.client.config.impl.ClientWorker$ConfigRpcTransportClient$2
12:11:27.166 [main] INFO  c.a.n.c.r.client - [printIfInfoEnabled,63] - [7e8299f7-cf48-41f7-aee9-f94c9db40d23_config-0] Try to connect to server on start up, server: {serverIp = '47.96.80.253', server main port = 8848}
12:11:27.189 [main] INFO  c.a.n.c.r.c.g.GrpcClient - [createNewManagedChannel,182] - grpc client connection server:47.96.80.253 ip,serverPort:9848,grpcTslConfig:{"sslProvider":"OPENSSL","enableTls":false,"mutualAuthEnable":false,"trustAll":false}
12:11:28.145 [main] INFO  c.a.n.c.r.client - [printIfInfoEnabled,63] - [7e8299f7-cf48-41f7-aee9-f94c9db40d23_config-0] Success to connect to server [47.96.80.253:8848] on start up, connectionId = 1727669492609_116.29.6.243_1373
12:11:28.145 [com.alibaba.nacos.client.remote.worker] INFO  c.a.n.c.r.client - [printIfInfoEnabled,63] - [7e8299f7-cf48-41f7-aee9-f94c9db40d23_config-0] Notify connected event to listeners.
12:11:28.145 [main] INFO  c.a.n.c.r.client - [printIfInfoEnabled,63] - [7e8299f7-cf48-41f7-aee9-f94c9db40d23_config-0] Register server push request handler:com.alibaba.nacos.common.remote.client.RpcClient$ConnectResetRequestHandler
12:11:28.145 [com.alibaba.nacos.client.remote.worker] INFO  c.a.n.c.c.i.ClientWorker - [onConnected,639] - [7e8299f7-cf48-41f7-aee9-f94c9db40d23_config-0] Connected,notify listen context...
12:11:28.145 [main] INFO  c.a.n.c.r.client - [printIfInfoEnabled,63] - [7e8299f7-cf48-41f7-aee9-f94c9db40d23_config-0] Register server push request handler:com.alibaba.nacos.common.remote.client.RpcClient$$Lambda$597/0x000002c15649f220
12:11:28.167 [main] INFO  c.a.n.c.c.i.Limiter - [<clinit>,62] - limitTime:5.0
12:11:28.276 [main] INFO  c.a.n.c.c.u.JvmUtil - [<clinit>,54] - isMultiInstance:false
12:11:28.279 [main] INFO  o.s.c.b.c.PropertySourceBootstrapConfiguration - [initialize,108] - Located property source: [BootstrapPropertySource {name='bootstrapProperties-oj-system-local.yaml,DEFAULT_GROUP'}, BootstrapPropertySource {name='bootstrapProperties-oj-system.yaml,DEFAULT_GROUP'}, BootstrapPropertySource {name='bootstrapProperties-oj-system,DEFAULT_GROUP'}]
12:11:28.283 [main] INFO  c.c.s.OjSystemApplication - [logStartupProfileInfo,636] - The following 1 profile is active: "local"
12:11:28.704 [main] INFO  o.s.c.c.s.GenericScope - [setSerializationId,282] - BeanFactory id=b0b3e5e2-825b-330b-a2d5-9ae5d96fef9d
12:11:28.876 [main] INFO  o.s.b.w.e.t.TomcatWebServer - [initialize,108] - Tomcat initialized with port(s): 9201 (http)
12:11:28.883 [main] INFO  o.a.c.h.Http11NioProtocol - [log,173] - Initializing ProtocolHandler ["http-nio-9201"]
12:11:28.883 [main] INFO  o.a.c.c.StandardService - [log,173] - Starting service [Tomcat]
12:11:28.883 [main] INFO  o.a.c.c.StandardEngine - [log,173] - Starting Servlet engine: [Apache Tomcat/10.1.4]
12:11:28.936 [main] INFO  o.a.c.c.C.[.[.[/] - [log,173] - Initializing Spring embedded WebApplicationContext
12:11:28.937 [main] INFO  o.s.b.w.s.c.ServletWebServerApplicationContext - [prepareWebApplicationContext,291] - Root WebApplicationContext: initialization completed in 642 ms
12:11:30.450 [main] INFO  o.s.c.c.u.InetUtils - [convertAddress,170] - Cannot determine local hostname
12:11:31.741 [main] INFO  o.s.c.c.u.InetUtils - [convertAddress,170] - Cannot determine local hostname
12:11:31.774 [main] INFO  o.a.c.h.Http11NioProtocol - [log,173] - Starting ProtocolHandler ["http-nio-9201"]
12:11:31.787 [main] INFO  o.s.b.w.e.t.TomcatWebServer - [start,220] - Tomcat started on port(s): 9201 (http) with context path ''
12:11:31.791 [main] INFO  c.a.n.client.naming - [initNamespaceForNaming,62] - initializer namespace from ans.namespace attribute : null
12:11:31.791 [main] INFO  c.a.n.client.naming - [lambda$initNamespaceForNaming$0,66] - initializer namespace from ALIBABA_ALIWARE_NAMESPACE attribute :null
12:11:31.791 [main] INFO  c.a.n.client.naming - [lambda$initNamespaceForNaming$1,73] - initializer namespace from namespace attribute :null
12:11:31.796 [main] INFO  c.a.n.p.a.s.c.ClientAuthPluginManager - [init,56] - [ClientAuthPluginManager] Load ClientAuthService com.alibaba.nacos.client.auth.impl.NacosClientAuthServiceImpl success.
12:11:31.796 [main] INFO  c.a.n.p.a.s.c.ClientAuthPluginManager - [init,56] - [ClientAuthPluginManager] Load ClientAuthService com.alibaba.nacos.client.auth.ram.RamClientAuthServiceImpl success.
12:11:31.798 [main] INFO  c.a.n.c.r.client - [lambda$createClient$0,108] - [RpcClientFactory] create a new rpc client of 429fa3a3-bf1b-46c3-a4de-5719642cb06b
12:11:31.799 [main] INFO  c.a.n.c.r.client - [printIfInfoEnabled,63] - [429fa3a3-bf1b-46c3-a4de-5719642cb06b] RpcClient init, ServerListFactory = com.alibaba.nacos.client.naming.core.ServerListManager
12:11:31.799 [main] INFO  c.a.n.c.r.client - [printIfInfoEnabled,63] - [429fa3a3-bf1b-46c3-a4de-5719642cb06b] Registry connection listener to current client:com.alibaba.nacos.client.naming.remote.gprc.redo.NamingGrpcRedoService
12:11:31.799 [main] INFO  c.a.n.c.r.client - [printIfInfoEnabled,63] - [429fa3a3-bf1b-46c3-a4de-5719642cb06b] Register server push request handler:com.alibaba.nacos.client.naming.remote.gprc.NamingPushRequestHandler
12:11:31.799 [main] INFO  c.a.n.c.r.client - [printIfInfoEnabled,63] - [429fa3a3-bf1b-46c3-a4de-5719642cb06b] Try to connect to server on start up, server: {serverIp = '47.96.80.253', server main port = 8848}
12:11:31.800 [main] INFO  c.a.n.c.r.c.g.GrpcClient - [createNewManagedChannel,182] - grpc client connection server:47.96.80.253 ip,serverPort:9848,grpcTslConfig:{"sslProvider":"OPENSSL","enableTls":false,"mutualAuthEnable":false,"trustAll":false}
12:11:32.007 [main] INFO  c.a.n.c.r.client - [printIfInfoEnabled,63] - [429fa3a3-bf1b-46c3-a4de-5719642cb06b] Success to connect to server [47.96.80.253:8848] on start up, connectionId = 1727669496702_116.29.6.243_1377
12:11:32.008 [main] INFO  c.a.n.c.r.client - [printIfInfoEnabled,63] - [429fa3a3-bf1b-46c3-a4de-5719642cb06b] Register server push request handler:com.alibaba.nacos.common.remote.client.RpcClient$ConnectResetRequestHandler
12:11:32.008 [com.alibaba.nacos.client.remote.worker] INFO  c.a.n.c.r.client - [printIfInfoEnabled,63] - [429fa3a3-bf1b-46c3-a4de-5719642cb06b] Notify connected event to listeners.
12:11:32.008 [main] INFO  c.a.n.c.r.client - [printIfInfoEnabled,63] - [429fa3a3-bf1b-46c3-a4de-5719642cb06b] Register server push request handler:com.alibaba.nacos.common.remote.client.RpcClient$$Lambda$597/0x000002c15649f220
12:11:32.008 [com.alibaba.nacos.client.remote.worker] INFO  c.a.n.client.naming - [onConnected,78] - Grpc connection connect
12:11:32.009 [main] INFO  c.a.n.client.naming - [registerService,121] - [REGISTER-SERVICE] 9c7e41b2-77fc-4973-b88f-36f36c02ca91 registering service oj-system with instance Instance{instanceId='null', ip='192.168.204.1', port=9201, weight=1.0, healthy=true, enabled=true, ephemeral=true, clusterName='DEFAULT', serviceName='null', metadata={IPv6=null, preserved.register.source=SPRING_CLOUD}}
12:11:32.055 [main] INFO  c.a.c.n.r.NacosServiceRegistry - [register,76] - nacos registry, DEFAULT_GROUP oj-system 192.168.204.1:9201 register finished
12:11:33.170 [main] INFO  o.s.c.c.u.InetUtils - [convertAddress,170] - Cannot determine local hostname
12:11:33.177 [main] INFO  c.c.s.OjSystemApplication - [logStarted,57] - Started OjSystemApplication in 8.768 seconds (process running for 9.23)
12:11:33.181 [main] INFO  c.a.n.c.c.i.CacheData - [<clinit>,67] - nacos.cache.data.init.snapshot = true 
12:11:33.183 [main] INFO  c.a.n.c.c.i.ClientWorker - [addCacheDataIfAbsent,380] - [fixed-9c7e41b2-77fc-4973-b88f-36f36c02ca91-47.96.80.253_8848] [subscribe] oj-system-local.yaml+DEFAULT_GROUP+9c7e41b2-77fc-4973-b88f-36f36c02ca91
12:11:33.188 [main] INFO  c.a.n.c.c.i.CacheData - [addListener,197] - [fixed-9c7e41b2-77fc-4973-b88f-36f36c02ca91-47.96.80.253_8848] [add-listener] ok, tenant=9c7e41b2-77fc-4973-b88f-36f36c02ca91, dataId=oj-system-local.yaml, group=DEFAULT_GROUP, cnt=1
12:11:33.188 [main] INFO  c.a.c.n.r.NacosContextRefresher - [registerNacosListener,129] - [Nacos Config] Listening config: dataId=oj-system-local.yaml, group=DEFAULT_GROUP
12:11:33.189 [main] INFO  c.a.n.c.c.i.ClientWorker - [addCacheDataIfAbsent,380] - [fixed-9c7e41b2-77fc-4973-b88f-36f36c02ca91-47.96.80.253_8848] [subscribe] oj-system+DEFAULT_GROUP+9c7e41b2-77fc-4973-b88f-36f36c02ca91
12:11:33.189 [main] INFO  c.a.n.c.c.i.CacheData - [addListener,197] - [fixed-9c7e41b2-77fc-4973-b88f-36f36c02ca91-47.96.80.253_8848] [add-listener] ok, tenant=9c7e41b2-77fc-4973-b88f-36f36c02ca91, dataId=oj-system, group=DEFAULT_GROUP, cnt=1
12:11:33.189 [main] INFO  c.a.c.n.r.NacosContextRefresher - [registerNacosListener,129] - [Nacos Config] Listening config: dataId=oj-system, group=DEFAULT_GROUP
12:11:33.189 [main] INFO  c.a.n.c.c.i.ClientWorker - [addCacheDataIfAbsent,380] - [fixed-9c7e41b2-77fc-4973-b88f-36f36c02ca91-47.96.80.253_8848] [subscribe] oj-system.yaml+DEFAULT_GROUP+9c7e41b2-77fc-4973-b88f-36f36c02ca91
12:11:33.189 [main] INFO  c.a.n.c.c.i.CacheData - [addListener,197] - [fixed-9c7e41b2-77fc-4973-b88f-36f36c02ca91-47.96.80.253_8848] [add-listener] ok, tenant=9c7e41b2-77fc-4973-b88f-36f36c02ca91, dataId=oj-system.yaml, group=DEFAULT_GROUP, cnt=1
12:11:33.189 [main] INFO  c.a.c.n.r.NacosContextRefresher - [registerNacosListener,129] - [Nacos Config] Listening config: dataId=oj-system.yaml, group=DEFAULT_GROUP
12:11:46.086 [http-nio-9201-exec-1] INFO  o.a.c.c.C.[.[.[/] - [log,173] - Initializing Spring DispatcherServlet 'dispatcherServlet'
12:11:46.086 [http-nio-9201-exec-1] INFO  o.s.w.s.DispatcherServlet - [initServletBean,532] - Initializing Servlet 'dispatcherServlet'
12:11:46.086 [http-nio-9201-exec-1] INFO  o.s.w.s.DispatcherServlet - [initServletBean,554] - Completed initialization in 0 ms
12:11:54.473 [SpringApplicationShutdownHook] INFO  c.a.c.n.r.NacosServiceRegistry - [deregister,95] - De-registering from Nacos Server now...
12:11:54.474 [SpringApplicationShutdownHook] INFO  c.a.n.client.naming - [deregisterService,217] - [DEREGISTER-SERVICE] 9c7e41b2-77fc-4973-b88f-36f36c02ca91 deregistering service oj-system with instance: Instance{instanceId='null', ip='192.168.204.1', port=9201, weight=1.0, healthy=true, enabled=true, ephemeral=true, clusterName='DEFAULT', serviceName='null', metadata={}}
12:11:54.509 [SpringApplicationShutdownHook] INFO  c.a.c.n.r.NacosServiceRegistry - [deregister,115] - De-registration finished.
12:11:54.510 [SpringApplicationShutdownHook] INFO  c.a.n.client.naming - [shutdown,256] - com.alibaba.nacos.client.naming.cache.ServiceInfoHolder do shutdown begin
12:11:54.510 [SpringApplicationShutdownHook] INFO  c.a.n.client.naming - [shutdown,136] - com.alibaba.nacos.client.naming.backups.FailoverReactor do shutdown begin
12:11:54.510 [SpringApplicationShutdownHook] INFO  c.a.n.client.naming - [shutdown,138] - com.alibaba.nacos.client.naming.backups.FailoverReactor do shutdown stop
12:11:54.510 [SpringApplicationShutdownHook] INFO  c.a.n.client.naming - [shutdown,258] - com.alibaba.nacos.client.naming.cache.ServiceInfoHolder do shutdown stop
12:11:54.510 [SpringApplicationShutdownHook] INFO  c.a.n.client.naming - [shutdown,204] - com.alibaba.nacos.client.naming.remote.NamingClientProxyDelegate do shutdown begin
12:11:54.510 [SpringApplicationShutdownHook] INFO  c.a.n.client.naming - [shutdown,143] - com.alibaba.nacos.client.naming.core.ServiceInfoUpdateService do shutdown begin
12:11:54.510 [SpringApplicationShutdownHook] INFO  c.a.n.client.naming - [shutdown,145] - com.alibaba.nacos.client.naming.core.ServiceInfoUpdateService do shutdown stop
12:11:54.510 [SpringApplicationShutdownHook] INFO  c.a.n.client.naming - [shutdown,194] - com.alibaba.nacos.client.naming.core.ServerListManager do shutdown begin
12:11:54.510 [SpringApplicationShutdownHook] INFO  c.a.n.client.naming - [shutdown,199] - com.alibaba.nacos.client.naming.core.ServerListManager do shutdown stop
12:11:54.511 [SpringApplicationShutdownHook] INFO  c.a.n.client.naming - [shutdown,484] - com.alibaba.nacos.client.naming.remote.http.NamingHttpClientProxy do shutdown begin
12:11:54.511 [SpringApplicationShutdownHook] INFO  c.a.n.client.naming - [shutdown,486] - com.alibaba.nacos.client.naming.remote.http.NamingHttpClientProxy do shutdown stop
12:11:54.511 [SpringApplicationShutdownHook] INFO  c.a.n.c.r.client - [shutdown,429] - Shutdown rpc client, set status to shutdown
12:11:54.511 [SpringApplicationShutdownHook] INFO  c.a.n.c.r.client - [shutdown,431] - Shutdown client event executor java.util.concurrent.ScheduledThreadPoolExecutor@2070757a[Running, pool size = 2, active threads = 2, queued tasks = 0, completed tasks = 0]
12:11:54.511 [SpringApplicationShutdownHook] INFO  c.a.n.c.r.client - [closeConnection,584] - Close current connection 1727669496702_116.29.6.243_1377
12:11:54.514 [SpringApplicationShutdownHook] INFO  c.a.n.c.r.c.g.GrpcClient - [shutdown,159] - Shutdown grpc executor java.util.concurrent.ThreadPoolExecutor@658b0488[Running, pool size = 4, active threads = 0, queued tasks = 0, completed tasks = 12]
12:11:54.515 [SpringApplicationShutdownHook] INFO  c.a.n.client.naming - [shutdown,318] - Shutdown grpc redo service executor java.util.concurrent.ScheduledThreadPoolExecutor@24eb3b9a[Running, pool size = 1, active threads = 0, queued tasks = 1, completed tasks = 7]
12:11:54.515 [SpringApplicationShutdownHook] INFO  c.a.n.c.a.r.i.CredentialWatcher - [stop,106] - [null] CredentialWatcher is stopped
12:11:54.515 [SpringApplicationShutdownHook] INFO  c.a.n.c.a.r.i.CredentialService - [free,100] - [null] CredentialService is freed
12:11:54.515 [SpringApplicationShutdownHook] INFO  c.a.n.client.naming - [shutdown,211] - com.alibaba.nacos.client.naming.remote.NamingClientProxyDelegate do shutdown stop
